{"C:\\Users\\91919\\car-dealership-inventory\\backend\\src\\app.ts": {"path":"C:\\Users\\91919\\car-dealership-inventory\\backend\\src\\app.ts","statementMap":{"0":{"start":{"line":1,"column":0},"end":{"line":1,"column":30}},"1":{"start":{"line":2,"column":0},"end":{"line":2,"column":24}},"2":{"start":{"line":3,"column":0},"end":{"line":3,"column":45}},"3":{"start":{"line":4,"column":0},"end":{"line":4,"column":51}},"4":{"start":{"line":6,"column":12},"end":{"line":6,"column":21}},"5":{"start":{"line":8,"column":0},"end":{"line":8,"column":16}},"6":{"start":{"line":9,"column":0},"end":{"line":9,"column":24}},"7":{"start":{"line":11,"column":0},"end":{"line":13,"column":3}},"8":{"start":{"line":12,"column":2},"end":{"line":12,"column":67}},"9":{"start":{"line":15,"column":0},"end":{"line":15,"column":33}},"10":{"start":{"line":16,"column":0},"end":{"line":16,"column":40}},"11":{"start":{"line":18,"column":0},"end":{"line":18,"column":19}}},"fnMap":{"0":{"name":"(anonymous_1)","decl":{"start":{"line":11,"column":13},"end":{"line":11,"column":14}},"loc":{"start":{"line":11,"column":26},"end":{"line":13,"column":1}}}},"branchMap":{},"s":{"0":2,"1":2,"2":2,"3":2,"4":2,"5":2,"6":2,"7":2,"8":0,"9":2,"10":2,"11":2},"f":{"0":0},"b":{}}
,"C:\\Users\\91919\\car-dealership-inventory\\backend\\src\\controllers\\authController.ts": {"path":"C:\\Users\\91919\\car-dealership-inventory\\backend\\src\\controllers\\authController.ts","statementMap":{"0":{"start":{"line":2,"column":0},"end":{"line":2,"column":30}},"1":{"start":{"line":3,"column":0},"end":{"line":3,"column":35}},"2":{"start":{"line":4,"column":0},"end":{"line":4,"column":31}},"3":{"start":{"line":6,"column":24},"end":{"line":40,"column":1}},"4":{"start":{"line":7,"column":2},"end":{"line":39,"column":3}},"5":{"start":{"line":8,"column":38},"end":{"line":8,"column":46}},"6":{"start":{"line":11,"column":4},"end":{"line":13,"column":5}},"7":{"start":{"line":12,"column":6},"end":{"line":12,"column":87}},"8":{"start":{"line":16,"column":25},"end":{"line":16,"column":75}},"9":{"start":{"line":17,"column":4},"end":{"line":19,"column":5}},"10":{"start":{"line":18,"column":6},"end":{"line":18,"column":76}},"11":{"start":{"line":22,"column":27},"end":{"line":22,"column":58}},"12":{"start":{"line":25,"column":17},"end":{"line":31,"column":6}},"13":{"start":{"line":34,"column":52},"end":{"line":34,"column":56}},"14":{"start":{"line":36,"column":4},"end":{"line":36,"column":63}},"15":{"start":{"line":38,"column":4},"end":{"line":38,"column":67}},"16":{"start":{"line":6,"column":13},"end":{"line":6,"column":24}},"17":{"start":{"line":42,"column":21},"end":{"line":75,"column":1}},"18":{"start":{"line":43,"column":2},"end":{"line":74,"column":3}},"19":{"start":{"line":44,"column":32},"end":{"line":44,"column":40}},"20":{"start":{"line":46,"column":4},"end":{"line":48,"column":5}},"21":{"start":{"line":47,"column":6},"end":{"line":47,"column":80}},"22":{"start":{"line":51,"column":17},"end":{"line":51,"column":67}},"23":{"start":{"line":52,"column":4},"end":{"line":54,"column":5}},"24":{"start":{"line":53,"column":6},"end":{"line":53,"column":74}},"25":{"start":{"line":57,"column":28},"end":{"line":57,"column":73}},"26":{"start":{"line":58,"column":4},"end":{"line":60,"column":5}},"27":{"start":{"line":59,"column":6},"end":{"line":59,"column":74}},"28":{"start":{"line":63,"column":18},"end":{"line":66,"column":null}},"29":{"start":{"line":69,"column":52},"end":{"line":69,"column":56}},"30":{"start":{"line":71,"column":4},"end":{"line":71,"column":70}},"31":{"start":{"line":73,"column":4},"end":{"line":73,"column":67}},"32":{"start":{"line":42,"column":13},"end":{"line":42,"column":21}}},"fnMap":{"0":{"name":"(anonymous_1)","decl":{"start":{"line":6,"column":24},"end":{"line":6,"column":29}},"loc":{"start":{"line":6,"column":62},"end":{"line":40,"column":1}}},"1":{"name":"(anonymous_2)","decl":{"start":{"line":42,"column":21},"end":{"line":42,"column":26}},"loc":{"start":{"line":42,"column":59},"end":{"line":75,"column":1}}}},"branchMap":{"0":{"loc":{"start":{"line":11,"column":4},"end":{"line":13,"column":5}},"type":"if","locations":[{"start":{"line":11,"column":4},"end":{"line":13,"column":5}},{"start":{},"end":{}}]},"1":{"loc":{"start":{"line":11,"column":8},"end":{"line":11,"column":36}},"type":"binary-expr","locations":[{"start":{"line":11,"column":8},"end":{"line":11,"column":13}},{"start":{"line":11,"column":17},"end":{"line":11,"column":23}},{"start":{"line":11,"column":27},"end":{"line":11,"column":36}}]},"2":{"loc":{"start":{"line":17,"column":4},"end":{"line":19,"column":5}},"type":"if","locations":[{"start":{"line":17,"column":4},"end":{"line":19,"column":5}},{"start":{},"end":{}}]},"3":{"loc":{"start":{"line":46,"column":4},"end":{"line":48,"column":5}},"type":"if","locations":[{"start":{"line":46,"column":4},"end":{"line":48,"column":5}},{"start":{},"end":{}}]},"4":{"loc":{"start":{"line":46,"column":8},"end":{"line":46,"column":27}},"type":"binary-expr","locations":[{"start":{"line":46,"column":8},"end":{"line":46,"column":14}},{"start":{"line":46,"column":18},"end":{"line":46,"column":27}}]},"5":{"loc":{"start":{"line":52,"column":4},"end":{"line":54,"column":5}},"type":"if","locations":[{"start":{"line":52,"column":4},"end":{"line":54,"column":5}},{"start":{},"end":{}}]},"6":{"loc":{"start":{"line":58,"column":4},"end":{"line":60,"column":5}},"type":"if","locations":[{"start":{"line":58,"column":4},"end":{"line":60,"column":5}},{"start":{},"end":{}}]},"7":{"loc":{"start":{"line":65,"column":6},"end":{"line":65,"column":53}},"type":"binary-expr","locations":[{"start":{"line":65,"column":6},"end":{"line":65,"column":28}},{"start":{"line":65,"column":32},"end":{"line":65,"column":53}}]}},"s":{"0":2,"1":2,"2":2,"3":2,"4":10,"5":10,"6":10,"7":0,"8":10,"9":10,"10":1,"11":9,"12":9,"13":9,"14":9,"15":0,"16":2,"17":2,"18":8,"19":8,"20":8,"21":0,"22":8,"23":8,"24":1,"25":7,"26":7,"27":1,"28":6,"29":6,"30":6,"31":0,"32":2},"f":{"0":10,"1":8},"b":{"0":[0,10],"1":[10,10,10],"2":[1,9],"3":[0,8],"4":[8,8],"5":[1,7],"6":[1,6],"7":[6,0]}}
,"C:\\Users\\91919\\car-dealership-inventory\\backend\\src\\controllers\\vehicleController.ts": {"path":"C:\\Users\\91919\\car-dealership-inventory\\backend\\src\\controllers\\vehicleController.ts","statementMap":{"0":{"start":{"line":2,"column":0},"end":{"line":2,"column":35}},"1":{"start":{"line":5,"column":29},"end":{"line":21,"column":1}},"2":{"start":{"line":6,"column":2},"end":{"line":20,"column":3}},"3":{"start":{"line":7,"column":55},"end":{"line":7,"column":63}},"4":{"start":{"line":9,"column":4},"end":{"line":11,"column":5}},"5":{"start":{"line":10,"column":6},"end":{"line":10,"column":80}},"6":{"start":{"line":13,"column":20},"end":{"line":15,"column":6}},"7":{"start":{"line":17,"column":4},"end":{"line":17,"column":45}},"8":{"start":{"line":19,"column":4},"end":{"line":19,"column":67}},"9":{"start":{"line":5,"column":13},"end":{"line":5,"column":29}},"10":{"start":{"line":23,"column":27},"end":{"line":33,"column":1}},"11":{"start":{"line":24,"column":2},"end":{"line":32,"column":3}},"12":{"start":{"line":25,"column":21},"end":{"line":27,"column":6}},"13":{"start":{"line":29,"column":4},"end":{"line":29,"column":46}},"14":{"start":{"line":31,"column":4},"end":{"line":31,"column":67}},"15":{"start":{"line":23,"column":13},"end":{"line":23,"column":27}},"16":{"start":{"line":35,"column":30},"end":{"line":60,"column":1}},"17":{"start":{"line":36,"column":2},"end":{"line":59,"column":3}},"18":{"start":{"line":37,"column":58},"end":{"line":37,"column":67}},"19":{"start":{"line":39,"column":25},"end":{"line":39,"column":27}},"20":{"start":{"line":41,"column":4},"end":{"line":41,"column":77}},"21":{"start":{"line":41,"column":14},"end":{"line":41,"column":77}},"22":{"start":{"line":42,"column":4},"end":{"line":42,"column":80}},"23":{"start":{"line":42,"column":15},"end":{"line":42,"column":80}},"24":{"start":{"line":43,"column":4},"end":{"line":43,"column":89}},"25":{"start":{"line":43,"column":18},"end":{"line":43,"column":89}},"26":{"start":{"line":45,"column":4},"end":{"line":49,"column":5}},"27":{"start":{"line":46,"column":6},"end":{"line":46,"column":25}},"28":{"start":{"line":47,"column":6},"end":{"line":47,"column":71}},"29":{"start":{"line":47,"column":20},"end":{"line":47,"column":71}},"30":{"start":{"line":48,"column":6},"end":{"line":48,"column":71}},"31":{"start":{"line":48,"column":20},"end":{"line":48,"column":71}},"32":{"start":{"line":51,"column":21},"end":{"line":54,"column":6}},"33":{"start":{"line":56,"column":4},"end":{"line":56,"column":46}},"34":{"start":{"line":58,"column":4},"end":{"line":58,"column":67}},"35":{"start":{"line":35,"column":13},"end":{"line":35,"column":30}},"36":{"start":{"line":63,"column":29},"end":{"line":88,"column":1}},"37":{"start":{"line":64,"column":2},"end":{"line":87,"column":3}},"38":{"start":{"line":65,"column":15},"end":{"line":65,"column":38}},"39":{"start":{"line":66,"column":55},"end":{"line":66,"column":63}},"40":{"start":{"line":68,"column":28},"end":{"line":68,"column":78}},"41":{"start":{"line":69,"column":4},"end":{"line":71,"column":5}},"42":{"start":{"line":70,"column":6},"end":{"line":70,"column":66}},"43":{"start":{"line":73,"column":27},"end":{"line":82,"column":6}},"44":{"start":{"line":84,"column":4},"end":{"line":84,"column":61}},"45":{"start":{"line":86,"column":4},"end":{"line":86,"column":67}},"46":{"start":{"line":63,"column":13},"end":{"line":63,"column":29}},"47":{"start":{"line":90,"column":29},"end":{"line":105,"column":1}},"48":{"start":{"line":91,"column":2},"end":{"line":104,"column":3}},"49":{"start":{"line":92,"column":15},"end":{"line":92,"column":38}},"50":{"start":{"line":94,"column":28},"end":{"line":94,"column":78}},"51":{"start":{"line":95,"column":4},"end":{"line":97,"column":5}},"52":{"start":{"line":96,"column":6},"end":{"line":96,"column":66}},"53":{"start":{"line":99,"column":4},"end":{"line":99,"column":51}},"54":{"start":{"line":101,"column":4},"end":{"line":101,"column":77}},"55":{"start":{"line":103,"column":4},"end":{"line":103,"column":67}},"56":{"start":{"line":90,"column":13},"end":{"line":90,"column":29}},"57":{"start":{"line":107,"column":31},"end":{"line":129,"column":1}},"58":{"start":{"line":108,"column":2},"end":{"line":128,"column":3}},"59":{"start":{"line":109,"column":15},"end":{"line":109,"column":38}},"60":{"start":{"line":111,"column":20},"end":{"line":111,"column":70}},"61":{"start":{"line":112,"column":4},"end":{"line":114,"column":5}},"62":{"start":{"line":113,"column":6},"end":{"line":113,"column":66}},"63":{"start":{"line":116,"column":4},"end":{"line":118,"column":5}},"64":{"start":{"line":117,"column":6},"end":{"line":117,"column":72}},"65":{"start":{"line":120,"column":27},"end":{"line":123,"column":6}},"66":{"start":{"line":125,"column":4},"end":{"line":125,"column":61}},"67":{"start":{"line":127,"column":4},"end":{"line":127,"column":67}},"68":{"start":{"line":107,"column":13},"end":{"line":107,"column":31}},"69":{"start":{"line":131,"column":30},"end":{"line":154,"column":1}},"70":{"start":{"line":132,"column":2},"end":{"line":153,"column":3}},"71":{"start":{"line":133,"column":15},"end":{"line":133,"column":38}},"72":{"start":{"line":134,"column":23},"end":{"line":134,"column":31}},"73":{"start":{"line":136,"column":4},"end":{"line":138,"column":5}},"74":{"start":{"line":137,"column":6},"end":{"line":137,"column":89}},"75":{"start":{"line":140,"column":20},"end":{"line":140,"column":70}},"76":{"start":{"line":141,"column":4},"end":{"line":143,"column":5}},"77":{"start":{"line":142,"column":6},"end":{"line":142,"column":66}},"78":{"start":{"line":145,"column":27},"end":{"line":148,"column":6}},"79":{"start":{"line":150,"column":4},"end":{"line":150,"column":61}},"80":{"start":{"line":152,"column":4},"end":{"line":152,"column":67}},"81":{"start":{"line":131,"column":13},"end":{"line":131,"column":30}}},"fnMap":{"0":{"name":"(anonymous_1)","decl":{"start":{"line":5,"column":29},"end":{"line":5,"column":34}},"loc":{"start":{"line":5,"column":71},"end":{"line":21,"column":1}}},"1":{"name":"(anonymous_2)","decl":{"start":{"line":23,"column":27},"end":{"line":23,"column":32}},"loc":{"start":{"line":23,"column":69},"end":{"line":33,"column":1}}},"2":{"name":"(anonymous_3)","decl":{"start":{"line":35,"column":30},"end":{"line":35,"column":35}},"loc":{"start":{"line":35,"column":72},"end":{"line":60,"column":1}}},"3":{"name":"(anonymous_4)","decl":{"start":{"line":63,"column":29},"end":{"line":63,"column":34}},"loc":{"start":{"line":63,"column":71},"end":{"line":88,"column":1}}},"4":{"name":"(anonymous_5)","decl":{"start":{"line":90,"column":29},"end":{"line":90,"column":34}},"loc":{"start":{"line":90,"column":71},"end":{"line":105,"column":1}}},"5":{"name":"(anonymous_6)","decl":{"start":{"line":107,"column":31},"end":{"line":107,"column":36}},"loc":{"start":{"line":107,"column":73},"end":{"line":129,"column":1}}},"6":{"name":"(anonymous_7)","decl":{"start":{"line":131,"column":30},"end":{"line":131,"column":35}},"loc":{"start":{"line":131,"column":72},"end":{"line":154,"column":1}}}},"branchMap":{"0":{"loc":{"start":{"line":9,"column":4},"end":{"line":11,"column":5}},"type":"if","locations":[{"start":{"line":9,"column":4},"end":{"line":11,"column":5}},{"start":{},"end":{}}]},"1":{"loc":{"start":{"line":9,"column":8},"end":{"line":9,"column":85}},"type":"binary-expr","locations":[{"start":{"line":9,"column":8},"end":{"line":9,"column":13}},{"start":{"line":9,"column":17},"end":{"line":9,"column":23}},{"start":{"line":9,"column":27},"end":{"line":9,"column":36}},{"start":{"line":9,"column":40},"end":{"line":9,"column":59}},{"start":{"line":9,"column":63},"end":{"line":9,"column":85}}]},"2":{"loc":{"start":{"line":41,"column":4},"end":{"line":41,"column":77}},"type":"if","locations":[{"start":{"line":41,"column":4},"end":{"line":41,"column":77}},{"start":{},"end":{}}]},"3":{"loc":{"start":{"line":42,"column":4},"end":{"line":42,"column":80}},"type":"if","locations":[{"start":{"line":42,"column":4},"end":{"line":42,"column":80}},{"start":{},"end":{}}]},"4":{"loc":{"start":{"line":43,"column":4},"end":{"line":43,"column":89}},"type":"if","locations":[{"start":{"line":43,"column":4},"end":{"line":43,"column":89}},{"start":{},"end":{}}]},"5":{"loc":{"start":{"line":45,"column":4},"end":{"line":49,"column":5}},"type":"if","locations":[{"start":{"line":45,"column":4},"end":{"line":49,"column":5}},{"start":{},"end":{}}]},"6":{"loc":{"start":{"line":45,"column":8},"end":{"line":45,"column":28}},"type":"binary-expr","locations":[{"start":{"line":45,"column":8},"end":{"line":45,"column":16}},{"start":{"line":45,"column":20},"end":{"line":45,"column":28}}]},"7":{"loc":{"start":{"line":47,"column":6},"end":{"line":47,"column":71}},"type":"if","locations":[{"start":{"line":47,"column":6},"end":{"line":47,"column":71}},{"start":{},"end":{}}]},"8":{"loc":{"start":{"line":48,"column":6},"end":{"line":48,"column":71}},"type":"if","locations":[{"start":{"line":48,"column":6},"end":{"line":48,"column":71}},{"start":{},"end":{}}]},"9":{"loc":{"start":{"line":69,"column":4},"end":{"line":71,"column":5}},"type":"if","locations":[{"start":{"line":69,"column":4},"end":{"line":71,"column":5}},{"start":{},"end":{}}]},"10":{"loc":{"start":{"line":76,"column":12},"end":{"line":76,"column":42}},"type":"binary-expr","locations":[{"start":{"line":76,"column":12},"end":{"line":76,"column":30}},{"start":{"line":76,"column":34},"end":{"line":76,"column":42}}]},"11":{"loc":{"start":{"line":77,"column":12},"end":{"line":77,"column":44}},"type":"binary-expr","locations":[{"start":{"line":77,"column":12},"end":{"line":77,"column":31}},{"start":{"line":77,"column":35},"end":{"line":77,"column":44}}]},"12":{"loc":{"start":{"line":78,"column":12},"end":{"line":78,"column":50}},"type":"binary-expr","locations":[{"start":{"line":78,"column":12},"end":{"line":78,"column":34}},{"start":{"line":78,"column":38},"end":{"line":78,"column":50}}]},"13":{"loc":{"start":{"line":79,"column":12},"end":{"line":79,"column":44}},"type":"binary-expr","locations":[{"start":{"line":79,"column":12},"end":{"line":79,"column":31}},{"start":{"line":79,"column":35},"end":{"line":79,"column":44}}]},"14":{"loc":{"start":{"line":80,"column":12},"end":{"line":80,"column":50}},"type":"binary-expr","locations":[{"start":{"line":80,"column":12},"end":{"line":80,"column":34}},{"start":{"line":80,"column":38},"end":{"line":80,"column":50}}]},"15":{"loc":{"start":{"line":95,"column":4},"end":{"line":97,"column":5}},"type":"if","locations":[{"start":{"line":95,"column":4},"end":{"line":97,"column":5}},{"start":{},"end":{}}]},"16":{"loc":{"start":{"line":112,"column":4},"end":{"line":114,"column":5}},"type":"if","locations":[{"start":{"line":112,"column":4},"end":{"line":114,"column":5}},{"start":{},"end":{}}]},"17":{"loc":{"start":{"line":116,"column":4},"end":{"line":118,"column":5}},"type":"if","locations":[{"start":{"line":116,"column":4},"end":{"line":118,"column":5}},{"start":{},"end":{}}]},"18":{"loc":{"start":{"line":136,"column":4},"end":{"line":138,"column":5}},"type":"if","locations":[{"start":{"line":136,"column":4},"end":{"line":138,"column":5}},{"start":{},"end":{}}]},"19":{"loc":{"start":{"line":136,"column":8},"end":{"line":136,"column":49}},"type":"binary-expr","locations":[{"start":{"line":136,"column":8},"end":{"line":136,"column":34}},{"start":{"line":136,"column":38},"end":{"line":136,"column":49}}]},"20":{"loc":{"start":{"line":141,"column":4},"end":{"line":143,"column":5}},"type":"if","locations":[{"start":{"line":141,"column":4},"end":{"line":143,"column":5}},{"start":{},"end":{}}]}},"s":{"0":2,"1":2,"2":1,"3":1,"4":1,"5":0,"6":1,"7":1,"8":0,"9":2,"10":2,"11":1,"12":1,"13":1,"14":0,"15":2,"16":2,"17":3,"18":3,"19":3,"20":3,"21":1,"22":3,"23":0,"24":3,"25":1,"26":3,"27":1,"28":1,"29":1,"30":1,"31":1,"32":3,"33":3,"34":0,"35":2,"36":2,"37":2,"38":2,"39":2,"40":2,"41":2,"42":1,"43":1,"44":1,"45":0,"46":2,"47":2,"48":1,"49":1,"50":1,"51":1,"52":0,"53":1,"54":1,"55":0,"56":2,"57":2,"58":3,"59":3,"60":3,"61":3,"62":1,"63":2,"64":1,"65":1,"66":1,"67":0,"68":2,"69":2,"70":2,"71":2,"72":2,"73":2,"74":1,"75":1,"76":1,"77":0,"78":1,"79":1,"80":0,"81":2},"f":{"0":1,"1":1,"2":3,"3":2,"4":1,"5":3,"6":2},"b":{"0":[0,1],"1":[1,1,1,1,1],"2":[1,2],"3":[0,3],"4":[1,2],"5":[1,2],"6":[3,2],"7":[1,0],"8":[1,0],"9":[1,1],"10":[1,0],"11":[1,0],"12":[1,0],"13":[1,1],"14":[1,1],"15":[0,1],"16":[1,2],"17":[1,1],"18":[1,1],"19":[2,2],"20":[0,1]}}
,"C:\\Users\\91919\\car-dealership-inventory\\backend\\src\\lib\\prisma.ts": {"path":"C:\\Users\\91919\\car-dealership-inventory\\backend\\src\\lib\\prisma.ts","statementMap":{"0":{"start":{"line":1,"column":0},"end":{"line":1,"column":46}},"1":{"start":{"line":3,"column":15},"end":{"line":3,"column":33}},"2":{"start":{"line":5,"column":0},"end":{"line":5,"column":22}}},"fnMap":{},"branchMap":{},"s":{"0":2,"1":2,"2":2},"f":{},"b":{}}
,"C:\\Users\\91919\\car-dealership-inventory\\backend\\src\\middleware\\authMiddleware.ts": {"path":"C:\\Users\\91919\\car-dealership-inventory\\backend\\src\\middleware\\authMiddleware.ts","statementMap":{"0":{"start":{"line":2,"column":0},"end":{"line":2,"column":31}},"1":{"start":{"line":8,"column":28},"end":{"line":28,"column":1}},"2":{"start":{"line":9,"column":21},"end":{"line":9,"column":46}},"3":{"start":{"line":11,"column":2},"end":{"line":13,"column":3}},"4":{"start":{"line":12,"column":4},"end":{"line":12,"column":64}},"5":{"start":{"line":15,"column":16},"end":{"line":15,"column":40}},"6":{"start":{"line":17,"column":2},"end":{"line":27,"column":3}},"7":{"start":{"line":18,"column":20},"end":{"line":20,"column":null}},"8":{"start":{"line":23,"column":4},"end":{"line":23,"column":23}},"9":{"start":{"line":24,"column":4},"end":{"line":24,"column":11}},"10":{"start":{"line":26,"column":4},"end":{"line":26,"column":71}},"11":{"start":{"line":8,"column":13},"end":{"line":8,"column":28}},"12":{"start":{"line":30,"column":28},"end":{"line":35,"column":1}},"13":{"start":{"line":31,"column":2},"end":{"line":33,"column":3}},"14":{"start":{"line":32,"column":4},"end":{"line":32,"column":68}},"15":{"start":{"line":34,"column":2},"end":{"line":34,"column":9}},"16":{"start":{"line":30,"column":13},"end":{"line":30,"column":28}}},"fnMap":{"0":{"name":"(anonymous_1)","decl":{"start":{"line":8,"column":28},"end":{"line":8,"column":29}},"loc":{"start":{"line":8,"column":84},"end":{"line":28,"column":1}}},"1":{"name":"(anonymous_2)","decl":{"start":{"line":30,"column":28},"end":{"line":30,"column":29}},"loc":{"start":{"line":30,"column":84},"end":{"line":35,"column":1}}}},"branchMap":{"0":{"loc":{"start":{"line":11,"column":2},"end":{"line":13,"column":3}},"type":"if","locations":[{"start":{"line":11,"column":2},"end":{"line":13,"column":3}},{"start":{},"end":{}}]},"1":{"loc":{"start":{"line":11,"column":6},"end":{"line":11,"column":54}},"type":"binary-expr","locations":[{"start":{"line":11,"column":6},"end":{"line":11,"column":17}},{"start":{"line":11,"column":21},"end":{"line":11,"column":54}}]},"2":{"loc":{"start":{"line":20,"column":6},"end":{"line":20,"column":53}},"type":"binary-expr","locations":[{"start":{"line":20,"column":6},"end":{"line":20,"column":28}},{"start":{"line":20,"column":32},"end":{"line":20,"column":53}}]},"3":{"loc":{"start":{"line":31,"column":2},"end":{"line":33,"column":3}},"type":"if","locations":[{"start":{"line":31,"column":2},"end":{"line":33,"column":3}},{"start":{},"end":{}}]}},"s":{"0":2,"1":2,"2":17,"3":17,"4":2,"5":15,"6":15,"7":15,"8":15,"9":15,"10":0,"11":2,"12":2,"13":5,"14":2,"15":3,"16":2},"f":{"0":17,"1":5},"b":{"0":[2,15],"1":[17,15],"2":[15,0],"3":[2,3]}}
,"C:\\Users\\91919\\car-dealership-inventory\\backend\\src\\routes\\authRoutes.ts": {"path":"C:\\Users\\91919\\car-dealership-inventory\\backend\\src\\routes\\authRoutes.ts","statementMap":{"0":{"start":{"line":1,"column":0},"end":{"line":1,"column":33}},"1":{"start":{"line":2,"column":0},"end":{"line":2,"column":64}},"2":{"start":{"line":4,"column":15},"end":{"line":4,"column":23}},"3":{"start":{"line":6,"column":0},"end":{"line":6,"column":35}},"4":{"start":{"line":7,"column":0},"end":{"line":7,"column":29}},"5":{"start":{"line":9,"column":0},"end":{"line":9,"column":22}}},"fnMap":{},"branchMap":{},"s":{"0":2,"1":2,"2":2,"3":2,"4":2,"5":2},"f":{},"b":{}}
,"C:\\Users\\91919\\car-dealership-inventory\\backend\\src\\routes\\vehicleRoutes.ts": {"path":"C:\\Users\\91919\\car-dealership-inventory\\backend\\src\\routes\\vehicleRoutes.ts","statementMap":{"0":{"start":{"line":1,"column":0},"end":{"line":1,"column":33}},"1":{"start":{"line":2,"column":0},"end":{"line":2,"column":null}},"2":{"start":{"line":11,"column":0},"end":{"line":11,"column":74}},"3":{"start":{"line":13,"column":15},"end":{"line":13,"column":23}},"4":{"start":{"line":15,"column":0},"end":{"line":15,"column":46}},"5":{"start":{"line":16,"column":0},"end":{"line":16,"column":52}},"6":{"start":{"line":17,"column":0},"end":{"line":17,"column":43}},"7":{"start":{"line":18,"column":0},"end":{"line":18,"column":48}},"8":{"start":{"line":19,"column":0},"end":{"line":19,"column":65}},"9":{"start":{"line":20,"column":0},"end":{"line":20,"column":60}},"10":{"start":{"line":21,"column":0},"end":{"line":21,"column":72}},"11":{"start":{"line":23,"column":0},"end":{"line":23,"column":22}}},"fnMap":{},"branchMap":{},"s":{"0":2,"1":2,"2":2,"3":2,"4":2,"5":2,"6":2,"7":2,"8":2,"9":2,"10":2,"11":2},"f":{},"b":{}}
}
