TN:
SF:src\app.ts
FN:11,(anonymous_1)
FNF:1
FNH:0
FNDA:0,(anonymous_1)
DA:1,2
DA:2,2
DA:3,2
DA:4,2
DA:6,2
DA:8,2
DA:9,2
DA:11,2
DA:12,0
DA:15,2
DA:16,2
DA:18,2
LF:12
LH:11
BRF:0
BRH:0
end_of_record
TN:
SF:src\controllers\authController.ts
FN:6,(anonymous_1)
FN:42,(anonymous_2)
FNF:2
FNH:2
FNDA:10,(anonymous_1)
FNDA:8,(anonymous_2)
DA:2,2
DA:3,2
DA:4,2
DA:6,2
DA:7,10
DA:8,10
DA:11,10
DA:12,0
DA:16,10
DA:17,10
DA:18,1
DA:22,9
DA:25,9
DA:34,9
DA:36,9
DA:38,0
DA:42,2
DA:43,8
DA:44,8
DA:46,8
DA:47,0
DA:51,8
DA:52,8
DA:53,1
DA:57,7
DA:58,7
DA:59,1
DA:63,6
DA:69,6
DA:71,6
DA:73,0
LF:31
LH:27
BRDA:11,0,0,0
BRDA:11,0,1,10
BRDA:11,1,0,10
BRDA:11,1,1,10
BRDA:11,1,2,10
BRDA:17,2,0,1
BRDA:17,2,1,9
BRDA:46,3,0,0
BRDA:46,3,1,8
BRDA:46,4,0,8
BRDA:46,4,1,8
BRDA:52,5,0,1
BRDA:52,5,1,7
BRDA:58,6,0,1
BRDA:58,6,1,6
BRDA:65,7,0,6
BRDA:65,7,1,0
BRF:17
BRH:14
end_of_record
TN:
SF:src\controllers\vehicleController.ts
FN:5,(anonymous_1)
FN:23,(anonymous_2)
FN:35,(anonymous_3)
FN:63,(anonymous_4)
FN:90,(anonymous_5)
FN:107,(anonymous_6)
FN:131,(anonymous_7)
FNF:7
FNH:7
FNDA:1,(anonymous_1)
FNDA:1,(anonymous_2)
FNDA:3,(anonymous_3)
FNDA:2,(anonymous_4)
FNDA:1,(anonymous_5)
FNDA:3,(anonymous_6)
FNDA:2,(anonymous_7)
DA:2,2
DA:5,2
DA:6,1
DA:7,1
DA:9,1
DA:10,0
DA:13,1
DA:17,1
DA:19,0
DA:23,2
DA:24,1
DA:25,1
DA:29,1
DA:31,0
DA:35,2
DA:36,3
DA:37,3
DA:39,3
DA:41,3
DA:42,3
DA:43,3
DA:45,3
DA:46,1
DA:47,1
DA:48,1
DA:51,3
DA:56,3
DA:58,0
DA:63,2
DA:64,2
DA:65,2
DA:66,2
DA:68,2
DA:69,2
DA:70,1
DA:73,1
DA:84,1
DA:86,0
DA:90,2
DA:91,1
DA:92,1
DA:94,1
DA:95,1
DA:96,0
DA:99,1
DA:101,1
DA:103,0
DA:107,2
DA:108,3
DA:109,3
DA:111,3
DA:112,3
DA:113,1
DA:116,2
DA:117,1
DA:120,1
DA:125,1
DA:127,0
DA:131,2
DA:132,2
DA:133,2
DA:134,2
DA:136,2
DA:137,1
DA:140,1
DA:141,1
DA:142,0
DA:145,1
DA:150,1
DA:152,0
LF:70
LH:60
BRDA:9,0,0,0
BRDA:9,0,1,1
BRDA:9,1,0,1
BRDA:9,1,1,1
BRDA:9,1,2,1
BRDA:9,1,3,1
BRDA:9,1,4,1
BRDA:41,2,0,1
BRDA:41,2,1,2
BRDA:42,3,0,0
BRDA:42,3,1,3
BRDA:43,4,0,1
BRDA:43,4,1,2
BRDA:45,5,0,1
BRDA:45,5,1,2
BRDA:45,6,0,3
BRDA:45,6,1,2
BRDA:47,7,0,1
BRDA:47,7,1,0
BRDA:48,8,0,1
BRDA:48,8,1,0
BRDA:69,9,0,1
BRDA:69,9,1,1
BRDA:76,10,0,1
BRDA:76,10,1,0
BRDA:77,11,0,1
BRDA:77,11,1,0
BRDA:78,12,0,1
BRDA:78,12,1,0
BRDA:79,13,0,1
BRDA:79,13,1,1
BRDA:80,14,0,1
BRDA:80,14,1,1
BRDA:95,15,0,0
BRDA:95,15,1,1
BRDA:112,16,0,1
BRDA:112,16,1,2
BRDA:116,17,0,1
BRDA:116,17,1,1
BRDA:136,18,0,1
BRDA:136,18,1,1
BRDA:136,19,0,2
BRDA:136,19,1,2
BRDA:141,20,0,0
BRDA:141,20,1,1
BRF:45
BRH:36
end_of_record
TN:
SF:src\lib\prisma.ts
FNF:0
FNH:0
DA:1,2
DA:3,2
DA:5,2
LF:3
LH:3
BRF:0
BRH:0
end_of_record
TN:
SF:src\middleware\authMiddleware.ts
FN:8,(anonymous_1)
FN:30,(anonymous_2)
FNF:2
FNH:2
FNDA:17,(anonymous_1)
FNDA:5,(anonymous_2)
DA:2,2
DA:8,2
DA:9,17
DA:11,17
DA:12,2
DA:15,15
DA:17,15
DA:18,15
DA:23,15
DA:24,15
DA:26,0
DA:30,2
DA:31,5
DA:32,2
DA:34,3
LF:15
LH:14
BRDA:11,0,0,2
BRDA:11,0,1,15
BRDA:11,1,0,17
BRDA:11,1,1,15
BRDA:20,2,0,15
BRDA:20,2,1,0
BRDA:31,3,0,2
BRDA:31,3,1,3
BRF:8
BRH:7
end_of_record
TN:
SF:src\routes\authRoutes.ts
FNF:0
FNH:0
DA:1,2
DA:2,2
DA:4,2
DA:6,2
DA:7,2
DA:9,2
LF:6
LH:6
BRF:0
BRH:0
end_of_record
TN:
SF:src\routes\vehicleRoutes.ts
FNF:0
FNH:0
DA:1,2
DA:2,2
DA:11,2
DA:13,2
DA:15,2
DA:16,2
DA:17,2
DA:18,2
DA:19,2
DA:20,2
DA:21,2
DA:23,2
LF:12
LH:12
BRF:0
BRH:0
end_of_record
